🤖 MULTI-BOT TRADING SYSTEM
===========================

✓ Wallet: 0xb99a3Ed7d209DdaF69FAB477B52857701e245CE9
Starting Weather...
Starting Sniper...
Starting Farmer...

✅ All bots running
Press Ctrl+C to stop
[10:21:01 PM] Bots active: 3
[10:22:01 PM] Bots active: 3
[10:23:01 PM] Bots active: 3
[10:24:01 PM] Bots active: 3
[10:25:01 PM] Bots active: 3
[10:26:01 PM] Bots active: 3
[10:27:01 PM] Bots active: 3
[10:28:01 PM] Bots active: 3
[10:29:01 PM] Bots active: 3
[10:30:01 PM] Bots active: 3
[10:31:01 PM] Bots active: 3
[10:32:01 PM] Bots active: 3
[10:33:01 PM] Bots active: 3
[10:34:01 PM] Bots active: 3
[10:35:01 PM] Bots active: 3
[10:36:01 PM] Bots active: 3
[10:37:01 PM] Bots active: 3
[10:38:01 PM] Bots active: 3
[10:39:01 PM] Bots active: 3
[10:40:02 PM] Bots active: 3
[10:41:02 PM] Bots active: 3
[10:42:02 PM] Bots active: 3
[10:43:02 PM] Bots active: 3
[10:44:02 PM] Bots active: 3
[10:45:02 PM] Bots active: 3
[10:46:02 PM] Bots active: 3
[10:47:02 PM] Bots active: 3
[10:48:02 PM] Bots active: 3
[10:49:02 PM] Bots active: 3
[10:50:02 PM] Bots active: 3
[10:51:02 PM] Bots active: 3
[10:52:02 PM] Bots active: 3
[10:53:02 PM] Bots active: 3
[10:54:02 PM] Bots active: 3
[10:55:02 PM] Bots active: 3
[10:56:02 PM] Bots active: 3
[10:57:02 PM] Bots active: 3
[10:58:02 PM] Bots active: 3
[10:59:02 PM] Bots active: 3
[11:00:02 PM] Bots active: 3
[11:01:02 PM] Bots active: 3
[11:02:02 PM] Bots active: 3
[11:03:02 PM] Bots active: 3
[11:04:02 PM] Bots active: 3
[11:05:03 PM] Bots active: 3
[11:06:03 PM] Bots active: 3
[11:07:03 PM] Bots active: 3
[11:08:03 PM] Bots active: 3
[11:09:03 PM] Bots active: 3
[11:10:03 PM] Bots active: 3
[11:11:03 PM] Bots active: 3
[11:12:03 PM] Bots active: 3
[11:13:03 PM] Bots active: 3
[11:14:03 PM] Bots active: 3
[11:15:03 PM] Bots active: 3
[11:16:03 PM] Bots active: 3
