[2026-02-10T22:41:02.151Z] ✓ Wallet: 0xb99a3Ed7d209DdaF69FAB477B52857701e245CE9
[2026-02-10T22:41:02.152Z] ✓ Balance: $0 USDC
[2026-02-10T22:41:02.152Z] ✓ Dry Run: false
[2026-02-10T22:41:02.152Z] 🔥 MODE: LIVE TRADING
[2026-02-10T22:41:02.152Z] 
🚀 BOT STARTED
[2026-02-10T22:41:02.153Z] ==========================================
[2026-02-10T22:41:02.153Z] 
🔄 SCAN #1 | Balance: $0
[2026-02-10T22:41:02.153Z] 
--- Weather Arbitrage ---
[2026-02-10T22:41:02.435Z] Markets found: 27
[2026-02-10T22:41:02.435Z] 
--- Cheap Sniper ---
[2026-02-10T22:41:02.653Z] Cheap markets: 0
[2026-02-10T22:41:02.653Z] 
Status: 0 trades | 0 positions
[2026-02-10T22:43:02.164Z] 
🔄 SCAN #1 | Balance: $0
[2026-02-10T22:43:02.164Z] 
--- Weather Arbitrage ---
[2026-02-10T22:43:02.416Z] Markets found: 27
[2026-02-10T22:43:02.416Z] 
--- Cheap Sniper ---
[2026-02-10T22:43:02.481Z] Cheap markets: 0
[2026-02-10T22:43:02.481Z] 
Status: 0 trades | 0 positions
[2026-02-10T22:45:02.170Z] 
🔄 SCAN #1 | Balance: $0
[2026-02-10T22:45:02.170Z] 
--- Weather Arbitrage ---
[2026-02-10T22:45:02.386Z] Markets found: 27
[2026-02-10T22:45:02.386Z] 
--- Cheap Sniper ---
[2026-02-10T22:45:02.598Z] Cheap markets: 0
[2026-02-10T22:45:02.598Z] 
Status: 0 trades | 0 positions
[2026-02-10T22:47:02.230Z] 
🔄 SCAN #1 | Balance: $0
[2026-02-10T22:47:02.231Z] 
--- Weather Arbitrage ---
[2026-02-10T22:47:02.418Z] Markets found: 27
[2026-02-10T22:47:02.418Z] 
--- Cheap Sniper ---
[2026-02-10T22:47:02.483Z] Cheap markets: 0
[2026-02-10T22:47:02.483Z] 
Status: 0 trades | 0 positions
[2026-02-10T22:49:02.306Z] 
🔄 SCAN #1 | Balance: $0
[2026-02-10T22:49:02.306Z] 
--- Weather Arbitrage ---
[2026-02-10T22:49:02.531Z] Markets found: 27
[2026-02-10T22:49:02.532Z] 
--- Cheap Sniper ---
[2026-02-10T22:49:02.765Z] Cheap markets: 0
[2026-02-10T22:49:02.765Z] 
Status: 0 trades | 0 positions
[2026-02-10T22:51:02.326Z] 
🔄 SCAN #1 | Balance: $0
[2026-02-10T22:51:02.326Z] 
--- Weather Arbitrage ---
[2026-02-10T22:51:02.586Z] Markets found: 27
[2026-02-10T22:51:02.586Z] 
--- Cheap Sniper ---
[2026-02-10T22:51:02.645Z] Cheap markets: 0
[2026-02-10T22:51:02.646Z] 
Status: 0 trades | 0 positions
[2026-02-10T22:53:02.417Z] 
🔄 SCAN #1 | Balance: $0
[2026-02-10T22:53:02.417Z] 
--- Weather Arbitrage ---
[2026-02-10T22:53:02.623Z] Markets found: 27
[2026-02-10T22:53:02.623Z] 
--- Cheap Sniper ---
[2026-02-10T22:53:02.856Z] Cheap markets: 0
[2026-02-10T22:53:02.856Z] 
Status: 0 trades | 0 positions
[2026-02-10T22:55:02.479Z] 
🔄 SCAN #1 | Balance: $0
[2026-02-10T22:55:02.479Z] 
--- Weather Arbitrage ---
[2026-02-10T22:55:02.654Z] Markets found: 27
[2026-02-10T22:55:02.654Z] 
--- Cheap Sniper ---
[2026-02-10T22:55:02.713Z] Cheap markets: 0
[2026-02-10T22:55:02.714Z] 
Status: 0 trades | 0 positions
[2026-02-10T22:57:02.578Z] 
🔄 SCAN #1 | Balance: $0
[2026-02-10T22:57:02.578Z] 
--- Weather Arbitrage ---
[2026-02-10T22:57:02.805Z] Markets found: 27
[2026-02-10T22:57:02.805Z] 
--- Cheap Sniper ---
[2026-02-10T22:57:03.255Z] Cheap markets: 0
[2026-02-10T22:57:03.255Z] 
Status: 0 trades | 0 positions
[2026-02-10T22:59:02.588Z] 
🔄 SCAN #1 | Balance: $0
[2026-02-10T22:59:02.588Z] 
--- Weather Arbitrage ---
[2026-02-10T22:59:02.783Z] Markets found: 27
[2026-02-10T22:59:02.783Z] 
--- Cheap Sniper ---
[2026-02-10T22:59:02.848Z] Cheap markets: 0
[2026-02-10T22:59:02.848Z] 
Status: 0 trades | 0 positions
[2026-02-10T23:01:02.681Z] 
🔄 SCAN #1 | Balance: $0
[2026-02-10T23:01:02.682Z] 
--- Weather Arbitrage ---
[2026-02-10T23:01:02.883Z] Markets found: 27
[2026-02-10T23:01:02.883Z] 
--- Cheap Sniper ---
[2026-02-10T23:01:03.084Z] Cheap markets: 0
[2026-02-10T23:01:03.084Z] 
Status: 0 trades | 0 positions
[2026-02-10T23:03:02.781Z] 
🔄 SCAN #1 | Balance: $0
[2026-02-10T23:03:02.782Z] 
--- Weather Arbitrage ---
[2026-02-10T23:03:02.970Z] Markets found: 27
[2026-02-10T23:03:02.970Z] 
--- Cheap Sniper ---
[2026-02-10T23:03:03.034Z] Cheap markets: 0
[2026-02-10T23:03:03.034Z] 
Status: 0 trades | 0 positions
[2026-02-10T23:05:02.882Z] 
🔄 SCAN #1 | Balance: $0
[2026-02-10T23:05:02.883Z] 
--- Weather Arbitrage ---
[2026-02-10T23:05:03.065Z] Markets found: 27
[2026-02-10T23:05:03.065Z] 
--- Cheap Sniper ---
[2026-02-10T23:05:03.297Z] Cheap markets: 0
[2026-02-10T23:05:03.297Z] 
Status: 0 trades | 0 positions
[2026-02-10T23:07:02.981Z] 
🔄 SCAN #1 | Balance: $0
[2026-02-10T23:07:02.981Z] 
--- Weather Arbitrage ---
[2026-02-10T23:07:03.243Z] Markets found: 27
[2026-02-10T23:07:03.243Z] 
--- Cheap Sniper ---
[2026-02-10T23:07:03.303Z] Cheap markets: 0
[2026-02-10T23:07:03.303Z] 
Status: 0 trades | 0 positions
[2026-02-10T23:09:03.012Z] 
🔄 SCAN #1 | Balance: $0
[2026-02-10T23:09:03.013Z] 
--- Weather Arbitrage ---
[2026-02-10T23:09:03.259Z] Markets found: 27
[2026-02-10T23:09:03.259Z] 
--- Cheap Sniper ---
[2026-02-10T23:09:03.719Z] Cheap markets: 0
[2026-02-10T23:09:03.719Z] 
Status: 0 trades | 0 positions
[2026-02-10T23:11:03.030Z] 
🔄 SCAN #1 | Balance: $0
[2026-02-10T23:11:03.030Z] 
--- Weather Arbitrage ---
[2026-02-10T23:11:03.201Z] Markets found: 27
[2026-02-10T23:11:03.201Z] 
--- Cheap Sniper ---
[2026-02-10T23:11:03.280Z] Cheap markets: 0
[2026-02-10T23:11:03.280Z] 
Status: 0 trades | 0 positions
[2026-02-10T23:13:03.093Z] 
🔄 SCAN #1 | Balance: $0
[2026-02-10T23:13:03.093Z] 
--- Weather Arbitrage ---
[2026-02-10T23:13:03.309Z] Markets found: 27
[2026-02-10T23:13:03.309Z] 
--- Cheap Sniper ---
[2026-02-10T23:13:03.769Z] Cheap markets: 0
[2026-02-10T23:13:03.770Z] 
Status: 0 trades | 0 positions
[2026-02-10T23:15:03.141Z] 
🔄 SCAN #1 | Balance: $0
[2026-02-10T23:15:03.141Z] 
--- Weather Arbitrage ---
[2026-02-10T23:15:03.305Z] Markets found: 27
[2026-02-10T23:15:03.305Z] 
--- Cheap Sniper ---
[2026-02-10T23:15:03.383Z] Cheap markets: 0
[2026-02-10T23:15:03.383Z] 
Status: 0 trades | 0 positions
[2026-02-10T23:17:03.236Z] 
🔄 SCAN #1 | Balance: $0
[2026-02-10T23:17:03.237Z] 
--- Weather Arbitrage ---
[2026-02-10T23:17:03.449Z] Markets found: 27
[2026-02-10T23:17:03.449Z] 
--- Cheap Sniper ---
[2026-02-10T23:17:03.666Z] Cheap markets: 0
[2026-02-10T23:17:03.666Z] 
Status: 0 trades | 0 positions
[2026-02-10T23:19:03.339Z] 
🔄 SCAN #1 | Balance: $0
[2026-02-10T23:19:03.339Z] 
--- Weather Arbitrage ---
[2026-02-10T23:19:03.520Z] Markets found: 27
[2026-02-10T23:19:03.520Z] 
--- Cheap Sniper ---
[2026-02-10T23:19:03.582Z] Cheap markets: 0
[2026-02-10T23:19:03.582Z] 
Status: 0 trades | 0 positions
[2026-02-10T23:21:03.364Z] 
🔄 SCAN #1 | Balance: $0
[2026-02-10T23:21:03.364Z] 
--- Weather Arbitrage ---
[2026-02-10T23:21:03.540Z] Markets found: 27
[2026-02-10T23:21:03.540Z] 
--- Cheap Sniper ---
[2026-02-10T23:21:03.754Z] Cheap markets: 0
[2026-02-10T23:21:03.755Z] 
Status: 0 trades | 0 positions
[2026-02-10T23:23:03.461Z] 
🔄 SCAN #1 | Balance: $0
[2026-02-10T23:23:03.461Z] 
--- Weather Arbitrage ---
[2026-02-10T23:23:03.647Z] Markets found: 27
[2026-02-10T23:23:03.647Z] 
--- Cheap Sniper ---
[2026-02-10T23:23:03.712Z] Cheap markets: 0
[2026-02-10T23:23:03.713Z] 
Status: 0 trades | 0 positions
[2026-02-10T23:25:03.518Z] 
🔄 SCAN #1 | Balance: $0
[2026-02-10T23:25:03.518Z] 
--- Weather Arbitrage ---
[2026-02-10T23:25:03.743Z] Markets found: 27
[2026-02-10T23:25:03.743Z] 
--- Cheap Sniper ---
[2026-02-10T23:25:04.035Z] Cheap markets: 0
[2026-02-10T23:25:04.035Z] 
Status: 0 trades | 0 positions
[2026-02-10T23:27:03.580Z] 
🔄 SCAN #1 | Balance: $0
[2026-02-10T23:27:03.581Z] 
--- Weather Arbitrage ---
[2026-02-10T23:27:03.790Z] Markets found: 27
[2026-02-10T23:27:03.790Z] 
--- Cheap Sniper ---
[2026-02-10T23:27:03.862Z] Cheap markets: 0
[2026-02-10T23:27:03.862Z] 
Status: 0 trades | 0 positions
[2026-02-10T23:29:03.676Z] 
🔄 SCAN #1 | Balance: $0
[2026-02-10T23:29:03.677Z] 
--- Weather Arbitrage ---
[2026-02-10T23:29:03.890Z] Markets found: 27
[2026-02-10T23:29:03.891Z] 
--- Cheap Sniper ---
[2026-02-10T23:29:04.075Z] Cheap markets: 0
[2026-02-10T23:29:04.075Z] 
Status: 0 trades | 0 positions
[2026-02-10T23:31:03.700Z] 
🔄 SCAN #1 | Balance: $0
[2026-02-10T23:31:03.700Z] 
--- Weather Arbitrage ---
[2026-02-10T23:31:03.878Z] Markets found: 27
[2026-02-10T23:31:03.878Z] 
--- Cheap Sniper ---
[2026-02-10T23:31:03.943Z] Cheap markets: 0
[2026-02-10T23:31:03.943Z] 
Status: 0 trades | 0 positions
[2026-02-10T23:33:03.768Z] 
🔄 SCAN #1 | Balance: $0
[2026-02-10T23:33:03.768Z] 
--- Weather Arbitrage ---
[2026-02-10T23:33:03.994Z] Markets found: 27
[2026-02-10T23:33:03.994Z] 
--- Cheap Sniper ---
[2026-02-10T23:33:04.450Z] Cheap markets: 0
[2026-02-10T23:33:04.450Z] 
Status: 0 trades | 0 positions
[2026-02-10T23:35:03.791Z] 
🔄 SCAN #1 | Balance: $0
[2026-02-10T23:35:03.791Z] 
--- Weather Arbitrage ---
[2026-02-10T23:35:03.976Z] Markets found: 27
[2026-02-10T23:35:03.977Z] 
--- Cheap Sniper ---
[2026-02-10T23:35:04.036Z] Cheap markets: 0
[2026-02-10T23:35:04.036Z] 
Status: 0 trades | 0 positions
[2026-02-10T23:37:03.798Z] 
🔄 SCAN #1 | Balance: $0
[2026-02-10T23:37:03.799Z] 
--- Weather Arbitrage ---
[2026-02-10T23:37:04.000Z] Markets found: 27
[2026-02-10T23:37:04.000Z] 
--- Cheap Sniper ---
[2026-02-10T23:37:04.219Z] Cheap markets: 0
[2026-02-10T23:37:04.219Z] 
Status: 0 trades | 0 positions
[2026-02-10T23:39:03.805Z] 
🔄 SCAN #1 | Balance: $0
[2026-02-10T23:39:03.805Z] 
--- Weather Arbitrage ---
[2026-02-10T23:39:03.951Z] Markets found: 27
[2026-02-10T23:39:03.951Z] 
--- Cheap Sniper ---
[2026-02-10T23:39:04.007Z] Cheap markets: 0
[2026-02-10T23:39:04.007Z] 
Status: 0 trades | 0 positions
[2026-02-10T23:41:03.861Z] 
🔄 SCAN #1 | Balance: $0
[2026-02-10T23:41:03.861Z] 
--- Weather Arbitrage ---
[2026-02-10T23:41:04.079Z] Markets found: 27
[2026-02-10T23:41:04.079Z] 
--- Cheap Sniper ---
[2026-02-10T23:41:04.295Z] Cheap markets: 0
[2026-02-10T23:41:04.295Z] 
Status: 0 trades | 0 positions
[2026-02-10T23:43:03.956Z] 
🔄 SCAN #1 | Balance: $0
[2026-02-10T23:43:03.956Z] 
--- Weather Arbitrage ---
[2026-02-10T23:43:04.138Z] Markets found: 27
[2026-02-10T23:43:04.138Z] 
--- Cheap Sniper ---
[2026-02-10T23:43:04.199Z] Cheap markets: 0
[2026-02-10T23:43:04.199Z] 
Status: 0 trades | 0 positions
[2026-02-10T23:45:03.962Z] 
🔄 SCAN #1 | Balance: $0
[2026-02-10T23:45:03.963Z] 
--- Weather Arbitrage ---
[2026-02-10T23:45:04.201Z] Markets found: 27
[2026-02-10T23:45:04.201Z] 
--- Cheap Sniper ---
[2026-02-10T23:45:04.394Z] Cheap markets: 0
[2026-02-10T23:45:04.394Z] 
Status: 0 trades | 0 positions
[2026-02-10T23:47:03.979Z] 
🔄 SCAN #1 | Balance: $0
[2026-02-10T23:47:03.980Z] 
--- Weather Arbitrage ---
[2026-02-10T23:47:04.174Z] Markets found: 27
[2026-02-10T23:47:04.174Z] 
--- Cheap Sniper ---
[2026-02-10T23:47:04.241Z] Cheap markets: 0
[2026-02-10T23:47:04.241Z] 
Status: 0 trades | 0 positions
[2026-02-10T23:49:04.070Z] 
🔄 SCAN #1 | Balance: $0
[2026-02-10T23:49:04.070Z] 
--- Weather Arbitrage ---
[2026-02-10T23:49:04.267Z] Markets found: 27
[2026-02-10T23:49:04.267Z] 
--- Cheap Sniper ---
[2026-02-10T23:49:04.472Z] Cheap markets: 0
[2026-02-10T23:49:04.472Z] 
Status: 0 trades | 0 positions
[2026-02-10T23:51:04.134Z] 
🔄 SCAN #1 | Balance: $0
[2026-02-10T23:51:04.134Z] 
--- Weather Arbitrage ---
[2026-02-10T23:51:04.312Z] Markets found: 27
[2026-02-10T23:51:04.312Z] 
--- Cheap Sniper ---
[2026-02-10T23:51:04.380Z] Cheap markets: 0
[2026-02-10T23:51:04.380Z] 
Status: 0 trades | 0 positions
[2026-02-10T23:53:04.194Z] 
🔄 SCAN #1 | Balance: $0
[2026-02-10T23:53:04.194Z] 
--- Weather Arbitrage ---
[2026-02-10T23:53:04.367Z] Markets found: 27
[2026-02-10T23:53:04.368Z] 
--- Cheap Sniper ---
[2026-02-10T23:53:04.581Z] Cheap markets: 0
[2026-02-10T23:53:04.582Z] 
Status: 0 trades | 0 positions
[2026-02-10T23:55:04.279Z] 
🔄 SCAN #1 | Balance: $0
[2026-02-10T23:55:04.279Z] 
--- Weather Arbitrage ---
[2026-02-10T23:55:04.478Z] Markets found: 27
[2026-02-10T23:55:04.478Z] 
--- Cheap Sniper ---
[2026-02-10T23:55:04.532Z] Cheap markets: 0
[2026-02-10T23:55:04.532Z] 
Status: 0 trades | 0 positions
[2026-02-10T23:57:04.370Z] 
🔄 SCAN #1 | Balance: $0
[2026-02-10T23:57:04.370Z] 
--- Weather Arbitrage ---
[2026-02-10T23:57:04.575Z] Markets found: 27
[2026-02-10T23:57:04.575Z] 
--- Cheap Sniper ---
[2026-02-10T23:57:05.073Z] Cheap markets: 0
[2026-02-10T23:57:05.073Z] 
Status: 0 trades | 0 positions
[2026-02-10T23:59:04.469Z] 
🔄 SCAN #1 | Balance: $0
[2026-02-10T23:59:04.470Z] 
--- Weather Arbitrage ---
[2026-02-10T23:59:04.671Z] Markets found: 27
[2026-02-10T23:59:04.671Z] 
--- Cheap Sniper ---
[2026-02-10T23:59:04.745Z] Cheap markets: 0
[2026-02-10T23:59:04.745Z] 
Status: 0 trades | 0 positions
[2026-02-11T00:01:04.535Z] 
🔄 SCAN #1 | Balance: $0
[2026-02-11T00:01:04.535Z] 
--- Weather Arbitrage ---
[2026-02-11T00:01:04.760Z] Markets found: 27
[2026-02-11T00:01:04.760Z] 
--- Cheap Sniper ---
[2026-02-11T00:01:04.953Z] Cheap markets: 0
[2026-02-11T00:01:04.953Z] 
Status: 0 trades | 0 positions
[2026-02-11T00:03:04.538Z] 
🔄 SCAN #1 | Balance: $0
[2026-02-11T00:03:04.538Z] 
--- Weather Arbitrage ---
[2026-02-11T00:03:04.718Z] Markets found: 27
[2026-02-11T00:03:04.719Z] 
--- Cheap Sniper ---
[2026-02-11T00:03:04.790Z] Cheap markets: 0
[2026-02-11T00:03:04.790Z] 
Status: 0 trades | 0 positions
[2026-02-11T00:05:04.640Z] 
🔄 SCAN #1 | Balance: $0
[2026-02-11T00:05:04.640Z] 
--- Weather Arbitrage ---
[2026-02-11T00:05:04.858Z] Markets found: 27
[2026-02-11T00:05:04.858Z] 
--- Cheap Sniper ---
[2026-02-11T00:05:05.106Z] Cheap markets: 0
[2026-02-11T00:05:05.106Z] 
Status: 0 trades | 0 positions
[2026-02-11T00:07:04.742Z] 
🔄 SCAN #1 | Balance: $0
[2026-02-11T00:07:04.743Z] 
--- Weather Arbitrage ---
[2026-02-11T00:07:04.939Z] Markets found: 27
[2026-02-11T00:07:04.939Z] 
--- Cheap Sniper ---
[2026-02-11T00:07:05.005Z] Cheap markets: 0
[2026-02-11T00:07:05.005Z] 
Status: 0 trades | 0 positions
[2026-02-11T00:09:04.843Z] 
🔄 SCAN #1 | Balance: $0
[2026-02-11T00:09:04.844Z] 
--- Weather Arbitrage ---
[2026-02-11T00:09:05.010Z] Markets found: 27
[2026-02-11T00:09:05.010Z] 
--- Cheap Sniper ---
[2026-02-11T00:09:05.220Z] Cheap markets: 0
[2026-02-11T00:09:05.220Z] 
Status: 0 trades | 0 positions
[2026-02-11T00:11:04.954Z] 
🔄 SCAN #1 | Balance: $0
[2026-02-11T00:11:04.955Z] 
--- Weather Arbitrage ---
[2026-02-11T00:11:05.147Z] Markets found: 27
[2026-02-11T00:11:05.147Z] 
--- Cheap Sniper ---
[2026-02-11T00:11:05.212Z] Cheap markets: 0
[2026-02-11T00:11:05.212Z] 
Status: 0 trades | 0 positions
[2026-02-11T00:13:05.054Z] 
🔄 SCAN #1 | Balance: $0
[2026-02-11T00:13:05.054Z] 
--- Weather Arbitrage ---
[2026-02-11T00:13:05.320Z] Markets found: 27
[2026-02-11T00:13:05.321Z] 
--- Cheap Sniper ---
[2026-02-11T00:13:05.521Z] Cheap markets: 0
[2026-02-11T00:13:05.521Z] 
Status: 0 trades | 0 positions
[2026-02-11T00:15:05.151Z] 
🔄 SCAN #1 | Balance: $0
[2026-02-11T00:15:05.151Z] 
--- Weather Arbitrage ---
[2026-02-11T00:15:05.314Z] Markets found: 27
[2026-02-11T00:15:05.314Z] 
--- Cheap Sniper ---
[2026-02-11T00:15:05.379Z] Cheap markets: 0
[2026-02-11T00:15:05.379Z] 
Status: 0 trades | 0 positions
[2026-02-11T00:17:05.239Z] 
🔄 SCAN #1 | Balance: $0
[2026-02-11T00:17:05.240Z] 
--- Weather Arbitrage ---
[2026-02-11T00:17:05.547Z] Markets found: 27
[2026-02-11T00:17:05.547Z] 
--- Cheap Sniper ---
[2026-02-11T00:17:06.006Z] Cheap markets: 0
[2026-02-11T00:17:06.006Z] 
Status: 0 trades | 0 positions
[2026-02-11T00:19:05.300Z] 
🔄 SCAN #1 | Balance: $0
[2026-02-11T00:19:05.300Z] 
--- Weather Arbitrage ---
[2026-02-11T00:19:05.504Z] Markets found: 27
[2026-02-11T00:19:05.504Z] 
--- Cheap Sniper ---
[2026-02-11T00:19:05.563Z] Cheap markets: 0
[2026-02-11T00:19:05.563Z] 
Status: 0 trades | 0 positions
[2026-02-11T00:21:05.398Z] 
🔄 SCAN #1 | Balance: $0
[2026-02-11T00:21:05.399Z] 
--- Weather Arbitrage ---
[2026-02-11T00:21:05.663Z] Markets found: 27
[2026-02-11T00:21:05.663Z] 
--- Cheap Sniper ---
[2026-02-11T00:21:05.896Z] Cheap markets: 0
[2026-02-11T00:21:05.896Z] 
Status: 0 trades | 0 positions
[2026-02-11T00:23:05.497Z] 
🔄 SCAN #1 | Balance: $0
[2026-02-11T00:23:05.498Z] 
--- Weather Arbitrage ---
[2026-02-11T00:23:05.670Z] Markets found: 27
[2026-02-11T00:23:05.671Z] 
--- Cheap Sniper ---
[2026-02-11T00:23:05.724Z] Cheap markets: 0
[2026-02-11T00:23:05.724Z] 
Status: 0 trades | 0 positions
[2026-02-11T00:25:05.503Z] 
🔄 SCAN #1 | Balance: $0
[2026-02-11T00:25:05.503Z] 
--- Weather Arbitrage ---
[2026-02-11T00:25:05.737Z] Markets found: 27
[2026-02-11T00:25:05.737Z] 
--- Cheap Sniper ---
[2026-02-11T00:25:05.945Z] Cheap markets: 0
[2026-02-11T00:25:05.945Z] 
Status: 0 trades | 0 positions
[2026-02-11T00:27:05.557Z] 
🔄 SCAN #1 | Balance: $0
[2026-02-11T00:27:05.558Z] 
--- Weather Arbitrage ---
[2026-02-11T00:27:05.809Z] Markets found: 27
[2026-02-11T00:27:05.809Z] 
--- Cheap Sniper ---
[2026-02-11T00:27:05.878Z] Cheap markets: 0
[2026-02-11T00:27:05.879Z] 
Status: 0 trades | 0 positions
[2026-02-11T00:29:05.631Z] 
🔄 SCAN #1 | Balance: $0
[2026-02-11T00:29:05.631Z] 
--- Weather Arbitrage ---
[2026-02-11T00:29:05.806Z] Markets found: 27
[2026-02-11T00:29:05.806Z] 
--- Cheap Sniper ---
[2026-02-11T00:29:05.998Z] Cheap markets: 0
[2026-02-11T00:29:05.998Z] 
Status: 0 trades | 0 positions
[2026-02-11T00:31:05.685Z] 
🔄 SCAN #1 | Balance: $0
[2026-02-11T00:31:05.685Z] 
--- Weather Arbitrage ---
[2026-02-11T00:31:05.869Z] Markets found: 27
[2026-02-11T00:31:05.869Z] 
--- Cheap Sniper ---
[2026-02-11T00:31:05.924Z] Cheap markets: 0
[2026-02-11T00:31:05.925Z] 
Status: 0 trades | 0 positions
[2026-02-11T00:33:05.785Z] 
🔄 SCAN #1 | Balance: $0
[2026-02-11T00:33:05.786Z] 
--- Weather Arbitrage ---
[2026-02-11T00:33:06.037Z] Markets found: 27
[2026-02-11T00:33:06.037Z] 
--- Cheap Sniper ---
[2026-02-11T00:33:06.262Z] Cheap markets: 0
[2026-02-11T00:33:06.262Z] 
Status: 0 trades | 0 positions
