[2026-02-10T22:38:40.907Z] ✗ Init error: missing revert data (action="call", data=null, reason=null, transaction={ "data": "0x313ce567", "to": "0x2791Bca1f2de4661ED88A30C99A7a9449Aa84174" }, invocation=null, revert=null, code=CALL_EXCEPTION, version=6.16.0)
[2026-02-10T22:41:02.151Z] ✓ Wallet: 0xb99a3Ed7d209DdaF69FAB477B52857701e245CE9
[2026-02-10T22:41:02.152Z] ✓ Balance: $0 USDC
[2026-02-10T22:41:02.152Z] ✓ Dry Run: false
[2026-02-10T22:41:02.152Z] 🔥 MODE: LIVE TRADING
[2026-02-10T22:41:02.152Z] 
🚀 BOT STARTED
[2026-02-10T22:41:02.153Z] ==========================================
[2026-02-10T22:41:02.153Z] 
🔄 SCAN #1 | Balance: $0
[2026-02-10T22:41:02.153Z] 
--- Weather Arbitrage ---
[2026-02-10T22:41:02.435Z] Markets found: 27
[2026-02-10T22:41:02.435Z] 
--- Cheap Sniper ---
[2026-02-10T22:41:02.653Z] Cheap markets: 0
[2026-02-10T22:41:02.653Z] 
Status: 0 trades | 0 positions
[2026-02-10T22:43:02.164Z] 
🔄 SCAN #1 | Balance: $0
[2026-02-10T22:43:02.164Z] 
--- Weather Arbitrage ---
[2026-02-10T22:43:02.416Z] Markets found: 27
[2026-02-10T22:43:02.416Z] 
--- Cheap Sniper ---
[2026-02-10T22:43:02.481Z] Cheap markets: 0
[2026-02-10T22:43:02.481Z] 
Status: 0 trades | 0 positions
[2026-02-10T22:45:02.170Z] 
🔄 SCAN #1 | Balance: $0
[2026-02-10T22:45:02.170Z] 
--- Weather Arbitrage ---
[2026-02-10T22:45:02.386Z] Markets found: 27
[2026-02-10T22:45:02.386Z] 
--- Cheap Sniper ---
[2026-02-10T22:45:02.598Z] Cheap markets: 0
[2026-02-10T22:45:02.598Z] 
Status: 0 trades | 0 positions
[2026-02-10T22:47:02.230Z] 
🔄 SCAN #1 | Balance: $0
[2026-02-10T22:47:02.231Z] 
--- Weather Arbitrage ---
[2026-02-10T22:47:02.418Z] Markets found: 27
[2026-02-10T22:47:02.418Z] 
--- Cheap Sniper ---
[2026-02-10T22:47:02.483Z] Cheap markets: 0
[2026-02-10T22:47:02.483Z] 
Status: 0 trades | 0 positions
[2026-02-10T22:49:02.306Z] 
🔄 SCAN #1 | Balance: $0
[2026-02-10T22:49:02.306Z] 
--- Weather Arbitrage ---
[2026-02-10T22:49:02.531Z] Markets found: 27
[2026-02-10T22:49:02.532Z] 
--- Cheap Sniper ---
[2026-02-10T22:49:02.765Z] Cheap markets: 0
[2026-02-10T22:49:02.765Z] 
Status: 0 trades | 0 positions
[2026-02-10T22:51:02.326Z] 
🔄 SCAN #1 | Balance: $0
[2026-02-10T22:51:02.326Z] 
--- Weather Arbitrage ---
[2026-02-10T22:51:02.586Z] Markets found: 27
[2026-02-10T22:51:02.586Z] 
--- Cheap Sniper ---
[2026-02-10T22:51:02.645Z] Cheap markets: 0
[2026-02-10T22:51:02.646Z] 
Status: 0 trades | 0 positions
[2026-02-10T22:53:02.417Z] 
🔄 SCAN #1 | Balance: $0
[2026-02-10T22:53:02.417Z] 
--- Weather Arbitrage ---
[2026-02-10T22:53:02.623Z] Markets found: 27
[2026-02-10T22:53:02.623Z] 
--- Cheap Sniper ---
[2026-02-10T22:53:02.856Z] Cheap markets: 0
[2026-02-10T22:53:02.856Z] 
Status: 0 trades | 0 positions
[2026-02-10T22:55:02.479Z] 
🔄 SCAN #1 | Balance: $0
[2026-02-10T22:55:02.479Z] 
--- Weather Arbitrage ---
[2026-02-10T22:55:02.654Z] Markets found: 27
[2026-02-10T22:55:02.654Z] 
--- Cheap Sniper ---
[2026-02-10T22:55:02.713Z] Cheap markets: 0
[2026-02-10T22:55:02.714Z] 
Status: 0 trades | 0 positions
[2026-02-10T22:57:02.578Z] 
🔄 SCAN #1 | Balance: $0
[2026-02-10T22:57:02.578Z] 
--- Weather Arbitrage ---
[2026-02-10T22:57:02.805Z] Markets found: 27
[2026-02-10T22:57:02.805Z] 
--- Cheap Sniper ---
[2026-02-10T22:57:03.255Z] Cheap markets: 0
[2026-02-10T22:57:03.255Z] 
Status: 0 trades | 0 positions
[2026-02-10T22:59:02.588Z] 
🔄 SCAN #1 | Balance: $0
[2026-02-10T22:59:02.588Z] 
--- Weather Arbitrage ---
[2026-02-10T22:59:02.783Z] Markets found: 27
[2026-02-10T22:59:02.783Z] 
--- Cheap Sniper ---
[2026-02-10T22:59:02.848Z] Cheap markets: 0
[2026-02-10T22:59:02.848Z] 
Status: 0 trades | 0 positions
[2026-02-10T23:01:02.681Z] 
🔄 SCAN #1 | Balance: $0
[2026-02-10T23:01:02.682Z] 
--- Weather Arbitrage ---
[2026-02-10T23:01:02.883Z] Markets found: 27
[2026-02-10T23:01:02.883Z] 
--- Cheap Sniper ---
[2026-02-10T23:01:03.084Z] Cheap markets: 0
[2026-02-10T23:01:03.084Z] 
Status: 0 trades | 0 positions
[2026-02-10T23:03:02.781Z] 
🔄 SCAN #1 | Balance: $0
[2026-02-10T23:03:02.782Z] 
--- Weather Arbitrage ---
[2026-02-10T23:03:02.970Z] Markets found: 27
[2026-02-10T23:03:02.970Z] 
--- Cheap Sniper ---
[2026-02-10T23:03:03.034Z] Cheap markets: 0
[2026-02-10T23:03:03.034Z] 
Status: 0 trades | 0 positions
[2026-02-10T23:05:02.882Z] 
🔄 SCAN #1 | Balance: $0
[2026-02-10T23:05:02.883Z] 
--- Weather Arbitrage ---
[2026-02-10T23:05:03.065Z] Markets found: 27
[2026-02-10T23:05:03.065Z] 
--- Cheap Sniper ---
[2026-02-10T23:05:03.297Z] Cheap markets: 0
[2026-02-10T23:05:03.297Z] 
Status: 0 trades | 0 positions
[2026-02-10T23:07:02.981Z] 
🔄 SCAN #1 | Balance: $0
[2026-02-10T23:07:02.981Z] 
--- Weather Arbitrage ---
[2026-02-10T23:07:03.243Z] Markets found: 27
[2026-02-10T23:07:03.243Z] 
--- Cheap Sniper ---
[2026-02-10T23:07:03.303Z] Cheap markets: 0
[2026-02-10T23:07:03.303Z] 
Status: 0 trades | 0 positions
[2026-02-10T23:09:03.012Z] 
🔄 SCAN #1 | Balance: $0
[2026-02-10T23:09:03.013Z] 
--- Weather Arbitrage ---
[2026-02-10T23:09:03.259Z] Markets found: 27
[2026-02-10T23:09:03.259Z] 
--- Cheap Sniper ---
[2026-02-10T23:09:03.719Z] Cheap markets: 0
[2026-02-10T23:09:03.719Z] 
Status: 0 trades | 0 positions
[2026-02-10T23:11:03.030Z] 
🔄 SCAN #1 | Balance: $0
[2026-02-10T23:11:03.030Z] 
--- Weather Arbitrage ---
[2026-02-10T23:11:03.201Z] Markets found: 27
[2026-02-10T23:11:03.201Z] 
--- Cheap Sniper ---
[2026-02-10T23:11:03.280Z] Cheap markets: 0
[2026-02-10T23:11:03.280Z] 
Status: 0 trades | 0 positions
[2026-02-10T23:13:03.093Z] 
🔄 SCAN #1 | Balance: $0
[2026-02-10T23:13:03.093Z] 
--- Weather Arbitrage ---
[2026-02-10T23:13:03.309Z] Markets found: 27
[2026-02-10T23:13:03.309Z] 
--- Cheap Sniper ---
[2026-02-10T23:13:03.769Z] Cheap markets: 0
[2026-02-10T23:13:03.770Z] 
Status: 0 trades | 0 positions
[2026-02-10T23:15:03.141Z] 
🔄 SCAN #1 | Balance: $0
[2026-02-10T23:15:03.141Z] 
--- Weather Arbitrage ---
[2026-02-10T23:15:03.305Z] Markets found: 27
[2026-02-10T23:15:03.305Z] 
--- Cheap Sniper ---
[2026-02-10T23:15:03.383Z] Cheap markets: 0
[2026-02-10T23:15:03.383Z] 
Status: 0 trades | 0 positions
