=== Content Engine Run: Tue Feb 10 11:00:01 PM UTC 2026 ===
Method Not Allowed=== Complete: Tue Feb 10 11:00:01 PM UTC 2026 ===
=== Content Engine Run: Wed Feb 11 12:00:01 AM UTC 2026 ===
Method Not Allowed=== Complete: Wed Feb 11 12:00:02 AM UTC 2026 ===
=== Content Engine Run: Tue Feb 10 08:00:01 PM EST 2026 ===
Method Not Allowed=== Complete: Tue Feb 10 08:00:01 PM EST 2026 ===
=== Content Engine Run: Tue Feb 10 09:00:01 PM EST 2026 ===
Method Not Allowed=== Complete: Tue Feb 10 09:00:01 PM EST 2026 ===
=== Content Engine Run: Tue Feb 10 10:00:02 PM EST 2026 ===
Method Not Allowed=== Complete: Tue Feb 10 10:00:02 PM EST 2026 ===
=== Content Engine Run: Tue Feb 10 11:00:01 PM EST 2026 ===
Method Not Allowed=== Complete: Tue Feb 10 11:00:01 PM EST 2026 ===
=== Content Engine Run: Wed Feb 11 12:00:01 AM EST 2026 ===
Method Not Allowed=== Complete: Wed Feb 11 12:00:01 AM EST 2026 ===
=== Content Engine Run: Wed Feb 11 01:00:01 AM EST 2026 ===
Method Not Allowed=== Complete: Wed Feb 11 01:00:01 AM EST 2026 ===
=== Content Engine Run: Wed Feb 11 02:00:02 AM EST 2026 ===
Method Not Allowed=== Complete: Wed Feb 11 02:00:02 AM EST 2026 ===
=== Content Engine Run: Wed Feb 11 03:00:01 AM EST 2026 ===
Method Not Allowed=== Complete: Wed Feb 11 03:00:01 AM EST 2026 ===
=== Content Engine Run: Wed Feb 11 04:00:01 AM EST 2026 ===
Method Not Allowed=== Complete: Wed Feb 11 04:00:01 AM EST 2026 ===
=== Content Engine Run: Wed Feb 11 05:00:01 AM EST 2026 ===
Method Not Allowed=== Complete: Wed Feb 11 05:00:01 AM EST 2026 ===
=== Content Engine Run: Wed Feb 11 06:00:01 AM EST 2026 ===
Method Not Allowed=== Complete: Wed Feb 11 06:00:01 AM EST 2026 ===
=== Content Engine Run: Wed Feb 11 07:00:01 AM EST 2026 ===
Method Not Allowed=== Complete: Wed Feb 11 07:00:01 AM EST 2026 ===
=== Content Engine Run: Wed Feb 11 08:00:01 AM EST 2026 ===
Method Not Allowed=== Complete: Wed Feb 11 08:00:01 AM EST 2026 ===
=== Content Engine Run: Wed Feb 11 09:00:01 AM EST 2026 ===
Method Not Allowed=== Complete: Wed Feb 11 09:00:01 AM EST 2026 ===
=== Content Engine Run: Wed Feb 11 10:00:01 AM EST 2026 ===
Method Not Allowed=== Complete: Wed Feb 11 10:00:01 AM EST 2026 ===
=== Content Engine Run: Wed Feb 11 11:00:01 AM EST 2026 ===
Method Not Allowed=== Complete: Wed Feb 11 11:00:01 AM EST 2026 ===
=== Content Engine Run: Wed Feb 11 12:00:01 PM EST 2026 ===
Method Not Allowed=== Complete: Wed Feb 11 12:00:01 PM EST 2026 ===
=== Content Engine Run: Wed Feb 11 01:00:01 PM EST 2026 ===
Method Not Allowed=== Complete: Wed Feb 11 01:00:01 PM EST 2026 ===
=== Content Engine Run: Wed Feb 11 02:00:01 PM EST 2026 ===
Method Not Allowed=== Complete: Wed Feb 11 02:00:01 PM EST 2026 ===
=== Content Engine Run: Wed Feb 11 03:00:01 PM EST 2026 ===
Method Not Allowed=== Complete: Wed Feb 11 03:00:01 PM EST 2026 ===
=== Content Engine Run: Wed Feb 11 04:00:01 PM EST 2026 ===
Method Not Allowed=== Complete: Wed Feb 11 04:00:01 PM EST 2026 ===
=== Content Engine Run: Wed Feb 11 05:00:01 PM EST 2026 ===
Method Not Allowed=== Complete: Wed Feb 11 05:00:01 PM EST 2026 ===
=== Content Engine Run: Wed Feb 11 06:00:01 PM EST 2026 ===
Method Not Allowed=== Complete: Wed Feb 11 06:00:01 PM EST 2026 ===
=== Content Engine Run: Wed Feb 11 07:00:01 PM EST 2026 ===
Method Not Allowed=== Complete: Wed Feb 11 07:00:01 PM EST 2026 ===
=== Content Engine Run: Wed Feb 11 08:00:01 PM EST 2026 ===
Method Not Allowed=== Complete: Wed Feb 11 08:00:01 PM EST 2026 ===
=== Content Engine Run: Wed Feb 11 09:00:01 PM EST 2026 ===
Method Not Allowed=== Complete: Wed Feb 11 09:00:01 PM EST 2026 ===
=== Content Engine Run: Wed Feb 11 10:00:01 PM EST 2026 ===
Method Not Allowed=== Complete: Wed Feb 11 10:00:01 PM EST 2026 ===
=== Content Engine Run: Wed Feb 11 11:00:01 PM EST 2026 ===
Method Not Allowed=== Complete: Wed Feb 11 11:00:01 PM EST 2026 ===
=== Content Engine Run: Thu Feb 12 12:00:01 AM EST 2026 ===
Method Not Allowed=== Complete: Thu Feb 12 12:00:01 AM EST 2026 ===
=== Content Engine Run: Thu Feb 12 01:00:01 AM EST 2026 ===
Method Not Allowed=== Complete: Thu Feb 12 01:00:01 AM EST 2026 ===
=== Content Engine Run: Thu Feb 12 02:00:01 AM EST 2026 ===
Method Not Allowed=== Complete: Thu Feb 12 02:00:01 AM EST 2026 ===
=== Content Engine Run: Thu Feb 12 03:00:01 AM EST 2026 ===
Method Not Allowed=== Complete: Thu Feb 12 03:00:01 AM EST 2026 ===
=== Content Engine Run: Thu Feb 12 04:00:01 AM EST 2026 ===
Method Not Allowed=== Complete: Thu Feb 12 04:00:01 AM EST 2026 ===
=== Content Engine Run: Thu Feb 12 05:00:01 AM EST 2026 ===
Method Not Allowed=== Complete: Thu Feb 12 05:00:01 AM EST 2026 ===
=== Content Engine Run: Thu Feb 12 06:00:01 AM EST 2026 ===
Method Not Allowed=== Complete: Thu Feb 12 06:00:01 AM EST 2026 ===
=== Content Engine Run: Thu Feb 12 07:00:01 AM EST 2026 ===
Method Not Allowed=== Complete: Thu Feb 12 07:00:01 AM EST 2026 ===
=== Content Engine Run: Thu Feb 12 08:00:01 AM EST 2026 ===
Method Not Allowed=== Complete: Thu Feb 12 08:00:01 AM EST 2026 ===
=== Content Engine Run: Thu Feb 12 09:00:01 AM EST 2026 ===
Method Not Allowed=== Complete: Thu Feb 12 09:00:01 AM EST 2026 ===
=== Content Engine Run: Thu Feb 12 10:00:01 AM EST 2026 ===
Method Not Allowed=== Complete: Thu Feb 12 10:00:01 AM EST 2026 ===
=== Content Engine Run: Thu Feb 12 11:00:01 AM EST 2026 ===
Method Not Allowed=== Complete: Thu Feb 12 11:00:01 AM EST 2026 ===
=== Content Engine Run: Thu Feb 12 12:00:01 PM EST 2026 ===
Method Not Allowed=== Complete: Thu Feb 12 12:00:01 PM EST 2026 ===
=== Content Engine Run: Thu Feb 12 01:00:01 PM EST 2026 ===
Method Not Allowed=== Complete: Thu Feb 12 01:00:01 PM EST 2026 ===
=== Content Engine Run: Thu Feb 12 02:00:01 PM EST 2026 ===
Method Not Allowed=== Complete: Thu Feb 12 02:00:01 PM EST 2026 ===
=== Content Engine Run: Thu Feb 12 03:00:01 PM EST 2026 ===
Method Not Allowed=== Complete: Thu Feb 12 03:00:01 PM EST 2026 ===
=== Content Engine Run: Thu Feb 12 04:00:01 PM EST 2026 ===
Method Not Allowed=== Complete: Thu Feb 12 04:00:01 PM EST 2026 ===
=== Content Engine Run: Thu Feb 12 05:00:01 PM EST 2026 ===
Method Not Allowed=== Complete: Thu Feb 12 05:00:01 PM EST 2026 ===
=== Content Engine Run: Thu Feb 12 06:00:01 PM EST 2026 ===
Method Not Allowed=== Complete: Thu Feb 12 06:00:01 PM EST 2026 ===
=== Content Engine Run: Thu Feb 12 07:00:01 PM EST 2026 ===
Method Not Allowed=== Complete: Thu Feb 12 07:00:01 PM EST 2026 ===
=== Content Engine Run: Sat Feb 14 12:00:02 PM EST 2026 ===
Method Not Allowed=== Complete: Sat Feb 14 12:00:02 PM EST 2026 ===
=== Content Engine Run: Sat Feb 14 01:00:01 PM EST 2026 ===
Method Not Allowed=== Complete: Sat Feb 14 01:00:01 PM EST 2026 ===
=== Content Engine Run: Sat Feb 14 02:00:01 PM EST 2026 ===
Method Not Allowed=== Complete: Sat Feb 14 02:00:01 PM EST 2026 ===
=== Content Engine Run: Sat Feb 14 03:00:01 PM EST 2026 ===
Method Not Allowed=== Complete: Sat Feb 14 03:00:01 PM EST 2026 ===
=== Content Engine Run: Sat Feb 14 04:00:01 PM EST 2026 ===
Method Not Allowed=== Complete: Sat Feb 14 04:00:01 PM EST 2026 ===
=== Content Engine Run: Sat Feb 14 05:00:01 PM EST 2026 ===
Method Not Allowed=== Complete: Sat Feb 14 05:00:01 PM EST 2026 ===
=== Content Engine Run: Sat Feb 14 06:00:01 PM EST 2026 ===
Method Not Allowed=== Complete: Sat Feb 14 06:00:01 PM EST 2026 ===
=== Content Engine Run: Sat Feb 14 07:00:01 PM EST 2026 ===
Method Not Allowed=== Complete: Sat Feb 14 07:00:01 PM EST 2026 ===
=== Content Engine Run: Sat Feb 14 08:00:02 PM EST 2026 ===
Method Not Allowed=== Complete: Sat Feb 14 08:00:02 PM EST 2026 ===
=== Content Engine Run: Sat Feb 14 09:00:01 PM EST 2026 ===
Method Not Allowed=== Complete: Sat Feb 14 09:00:01 PM EST 2026 ===
=== Content Engine Run: Sat Feb 14 10:00:01 PM EST 2026 ===
Method Not Allowed=== Complete: Sat Feb 14 10:00:01 PM EST 2026 ===
=== Content Engine Run: Sat Feb 14 11:00:01 PM EST 2026 ===
Method Not Allowed=== Complete: Sat Feb 14 11:00:01 PM EST 2026 ===
=== Content Engine Run: Sun Feb 15 12:00:01 AM EST 2026 ===
Method Not Allowed=== Complete: Sun Feb 15 12:00:01 AM EST 2026 ===
=== Content Engine Run: Sun Feb 15 01:00:01 AM EST 2026 ===
Method Not Allowed=== Complete: Sun Feb 15 01:00:01 AM EST 2026 ===
=== Content Engine Run: Sun Feb 15 02:00:01 AM EST 2026 ===
Method Not Allowed=== Complete: Sun Feb 15 02:00:01 AM EST 2026 ===
=== Content Engine Run: Sun Feb 15 03:00:01 AM EST 2026 ===
Method Not Allowed=== Complete: Sun Feb 15 03:00:01 AM EST 2026 ===
=== Content Engine Run: Sun Feb 15 04:00:01 AM EST 2026 ===
Method Not Allowed=== Complete: Sun Feb 15 04:00:01 AM EST 2026 ===
=== Content Engine Run: Sun Feb 15 05:00:01 AM EST 2026 ===
Method Not Allowed=== Complete: Sun Feb 15 05:00:01 AM EST 2026 ===
=== Content Engine Run: Sun Feb 15 06:00:01 AM EST 2026 ===
Method Not Allowed=== Complete: Sun Feb 15 06:00:01 AM EST 2026 ===
=== Content Engine Run: Sun Feb 15 07:00:01 AM EST 2026 ===
Method Not Allowed=== Complete: Sun Feb 15 07:00:02 AM EST 2026 ===
=== Content Engine Run: Sun Feb 15 08:00:01 AM EST 2026 ===
Method Not Allowed=== Complete: Sun Feb 15 08:00:01 AM EST 2026 ===
=== Content Engine Run: Sun Feb 15 09:00:01 AM EST 2026 ===
Method Not Allowed=== Complete: Sun Feb 15 09:00:01 AM EST 2026 ===
=== Content Engine Run: Sun Feb 15 10:00:01 AM EST 2026 ===
Method Not Allowed=== Complete: Sun Feb 15 10:00:01 AM EST 2026 ===
=== Content Engine Run: Sun Feb 15 11:00:01 AM EST 2026 ===
Method Not Allowed=== Complete: Sun Feb 15 11:00:01 AM EST 2026 ===
=== Content Engine Run: Sun Feb 15 12:00:01 PM EST 2026 ===
Method Not Allowed=== Complete: Sun Feb 15 12:00:01 PM EST 2026 ===
=== Content Engine Run: Sun Feb 15 01:00:01 PM EST 2026 ===
Method Not Allowed=== Complete: Sun Feb 15 01:00:01 PM EST 2026 ===
=== Content Engine Run: Sun Feb 15 02:00:01 PM EST 2026 ===
Method Not Allowed=== Complete: Sun Feb 15 02:00:01 PM EST 2026 ===
=== Content Engine Run: Sun Feb 15 03:00:01 PM EST 2026 ===
Method Not Allowed=== Complete: Sun Feb 15 03:00:01 PM EST 2026 ===
=== Content Engine Run: Sun Feb 15 04:00:01 PM EST 2026 ===
Method Not Allowed=== Complete: Sun Feb 15 04:00:01 PM EST 2026 ===
=== Content Engine Run: Sun Feb 15 05:00:01 PM EST 2026 ===
Method Not Allowed=== Complete: Sun Feb 15 05:00:01 PM EST 2026 ===
=== Content Engine Run: Sun Feb 15 06:00:01 PM EST 2026 ===
Method Not Allowed=== Complete: Sun Feb 15 06:00:01 PM EST 2026 ===
=== Content Engine Run: Sun Feb 15 07:00:01 PM EST 2026 ===
Method Not Allowed=== Complete: Sun Feb 15 07:00:01 PM EST 2026 ===
=== Content Engine Run: Sun Feb 15 08:00:01 PM EST 2026 ===
Method Not Allowed=== Complete: Sun Feb 15 08:00:01 PM EST 2026 ===
=== Content Engine Run: Sun Feb 15 09:00:01 PM EST 2026 ===
Method Not Allowed=== Complete: Sun Feb 15 09:00:01 PM EST 2026 ===
=== Content Engine Run: Sun Feb 15 10:00:01 PM EST 2026 ===
Method Not Allowed=== Complete: Sun Feb 15 10:00:01 PM EST 2026 ===
=== Content Engine Run: Sun Feb 15 11:00:01 PM EST 2026 ===
Method Not Allowed=== Complete: Sun Feb 15 11:00:01 PM EST 2026 ===
=== Content Engine Run: Mon Feb 16 12:00:01 AM EST 2026 ===
Method Not Allowed=== Complete: Mon Feb 16 12:00:01 AM EST 2026 ===
=== Content Engine Run: Mon Feb 16 01:00:01 AM EST 2026 ===
Method Not Allowed=== Complete: Mon Feb 16 01:00:01 AM EST 2026 ===
=== Content Engine Run: Mon Feb 16 02:00:01 AM EST 2026 ===
Method Not Allowed=== Complete: Mon Feb 16 02:00:01 AM EST 2026 ===
=== Content Engine Run: Mon Feb 16 03:00:01 AM EST 2026 ===
Method Not Allowed=== Complete: Mon Feb 16 03:00:01 AM EST 2026 ===
=== Content Engine Run: Mon Feb 16 04:00:01 AM EST 2026 ===
Method Not Allowed=== Complete: Mon Feb 16 04:00:01 AM EST 2026 ===
=== Content Engine Run: Mon Feb 16 05:00:01 AM EST 2026 ===
Method Not Allowed=== Complete: Mon Feb 16 05:00:01 AM EST 2026 ===
=== Content Engine Run: Mon Feb 16 06:00:01 AM EST 2026 ===
Method Not Allowed=== Complete: Mon Feb 16 06:00:01 AM EST 2026 ===
=== Content Engine Run: Mon Feb 16 07:00:01 AM EST 2026 ===
Method Not Allowed=== Complete: Mon Feb 16 07:00:01 AM EST 2026 ===
=== Content Engine Run: Mon Feb 16 08:00:01 AM EST 2026 ===
Method Not Allowed=== Complete: Mon Feb 16 08:00:01 AM EST 2026 ===
=== Content Engine Run: Mon Feb 16 09:00:01 AM EST 2026 ===
Method Not Allowed=== Complete: Mon Feb 16 09:00:01 AM EST 2026 ===
=== Content Engine Run: Mon Feb 16 10:00:01 AM EST 2026 ===
Method Not Allowed=== Complete: Mon Feb 16 10:00:01 AM EST 2026 ===
=== Content Engine Run: Mon Feb 16 11:00:01 AM EST 2026 ===
Method Not Allowed=== Complete: Mon Feb 16 11:00:01 AM EST 2026 ===
=== Content Engine Run: Mon Feb 16 12:00:02 PM EST 2026 ===
Method Not Allowed=== Complete: Mon Feb 16 12:00:02 PM EST 2026 ===
=== Content Engine Run: Mon Feb 16 01:00:01 PM EST 2026 ===
Method Not Allowed=== Complete: Mon Feb 16 01:00:01 PM EST 2026 ===
=== Content Engine Run: Mon Feb 16 02:00:01 PM EST 2026 ===
Method Not Allowed=== Complete: Mon Feb 16 02:00:01 PM EST 2026 ===
=== Content Engine Run: Mon Feb 16 03:00:01 PM EST 2026 ===
Method Not Allowed=== Complete: Mon Feb 16 03:00:01 PM EST 2026 ===
=== Content Engine Run: Mon Feb 16 04:00:01 PM EST 2026 ===
Method Not Allowed=== Complete: Mon Feb 16 04:00:01 PM EST 2026 ===
=== Content Engine Run: Mon Feb 16 05:00:01 PM EST 2026 ===
Method Not Allowed=== Complete: Mon Feb 16 05:00:01 PM EST 2026 ===
=== Content Engine Run: Mon Feb 16 06:00:01 PM EST 2026 ===
Method Not Allowed=== Complete: Mon Feb 16 06:00:01 PM EST 2026 ===
=== Content Engine Run: Mon Feb 16 07:00:01 PM EST 2026 ===
Method Not Allowed=== Complete: Mon Feb 16 07:00:01 PM EST 2026 ===
=== Content Engine Run: Mon Feb 16 08:00:01 PM EST 2026 ===
Method Not Allowed=== Complete: Mon Feb 16 08:00:01 PM EST 2026 ===
=== Content Engine Run: Mon Feb 16 09:00:01 PM EST 2026 ===
Method Not Allowed=== Complete: Mon Feb 16 09:00:01 PM EST 2026 ===
=== Content Engine Run: Mon Feb 16 10:00:01 PM EST 2026 ===
Method Not Allowed=== Complete: Mon Feb 16 10:00:01 PM EST 2026 ===
=== Content Engine Run: Mon Feb 16 11:00:01 PM EST 2026 ===
Method Not Allowed=== Complete: Mon Feb 16 11:00:01 PM EST 2026 ===
=== Content Engine Run: Tue Feb 17 12:00:01 AM EST 2026 ===
Method Not Allowed=== Complete: Tue Feb 17 12:00:01 AM EST 2026 ===
=== Content Engine Run: Tue Feb 17 01:00:01 AM EST 2026 ===
Method Not Allowed=== Complete: Tue Feb 17 01:00:01 AM EST 2026 ===
=== Content Engine Run: Tue Feb 17 02:00:01 AM EST 2026 ===
Method Not Allowed=== Complete: Tue Feb 17 02:00:01 AM EST 2026 ===
=== Content Engine Run: Tue Feb 17 03:00:01 AM EST 2026 ===
Method Not Allowed=== Complete: Tue Feb 17 03:00:01 AM EST 2026 ===
=== Content Engine Run: Tue Feb 17 04:00:01 AM EST 2026 ===
Method Not Allowed=== Complete: Tue Feb 17 04:00:01 AM EST 2026 ===
=== Content Engine Run: Tue Feb 17 05:00:01 AM EST 2026 ===
Method Not Allowed=== Complete: Tue Feb 17 05:00:01 AM EST 2026 ===
=== Content Engine Run: Tue Feb 17 06:00:01 AM EST 2026 ===
Method Not Allowed=== Complete: Tue Feb 17 06:00:01 AM EST 2026 ===
=== Content Engine Run: Tue Feb 17 07:00:01 AM EST 2026 ===
Method Not Allowed=== Complete: Tue Feb 17 07:00:01 AM EST 2026 ===
=== Content Engine Run: Tue Feb 17 08:00:01 AM EST 2026 ===
Method Not Allowed=== Complete: Tue Feb 17 08:00:01 AM EST 2026 ===
=== Content Engine Run: Tue Feb 17 09:00:01 AM EST 2026 ===
Method Not Allowed=== Complete: Tue Feb 17 09:00:01 AM EST 2026 ===
=== Content Engine Run: Tue Feb 17 10:00:02 AM EST 2026 ===
Method Not Allowed=== Complete: Tue Feb 17 10:00:02 AM EST 2026 ===
=== Content Engine Run: Tue Feb 17 11:00:01 AM EST 2026 ===
Method Not Allowed=== Complete: Tue Feb 17 11:00:01 AM EST 2026 ===
=== Content Engine Run: Tue Feb 17 12:00:01 PM EST 2026 ===
Method Not Allowed=== Complete: Tue Feb 17 12:00:01 PM EST 2026 ===
=== Content Engine Run: Tue Feb 17 01:00:01 PM EST 2026 ===
Method Not Allowed=== Complete: Tue Feb 17 01:00:01 PM EST 2026 ===
=== Content Engine Run: Tue Feb 17 02:00:01 PM EST 2026 ===
Method Not Allowed=== Complete: Tue Feb 17 02:00:01 PM EST 2026 ===
=== Content Engine Run: Tue Feb 17 03:00:01 PM EST 2026 ===
Method Not Allowed=== Complete: Tue Feb 17 03:00:01 PM EST 2026 ===
=== Content Engine Run: Tue Feb 17 04:00:01 PM EST 2026 ===
Method Not Allowed=== Complete: Tue Feb 17 04:00:01 PM EST 2026 ===
=== Content Engine Run: Tue Feb 17 05:00:01 PM EST 2026 ===
Method Not Allowed=== Complete: Tue Feb 17 05:00:01 PM EST 2026 ===
=== Content Engine Run: Tue Feb 17 06:00:01 PM EST 2026 ===
Method Not Allowed=== Complete: Tue Feb 17 06:00:01 PM EST 2026 ===
=== Content Engine Run: Tue Feb 17 07:00:01 PM EST 2026 ===
Method Not Allowed=== Complete: Tue Feb 17 07:00:01 PM EST 2026 ===
=== Content Engine Run: Tue Feb 17 08:00:01 PM EST 2026 ===
Method Not Allowed=== Complete: Tue Feb 17 08:00:01 PM EST 2026 ===
=== Content Engine Run: Tue Feb 17 09:00:01 PM EST 2026 ===
Method Not Allowed=== Complete: Tue Feb 17 09:00:01 PM EST 2026 ===
=== Content Engine Run: Tue Feb 17 10:00:01 PM EST 2026 ===
Method Not Allowed=== Complete: Tue Feb 17 10:00:01 PM EST 2026 ===
=== Content Engine Run: Tue Feb 17 11:00:01 PM EST 2026 ===
Method Not Allowed=== Complete: Tue Feb 17 11:00:01 PM EST 2026 ===
=== Content Engine Run: Wed Feb 18 12:00:01 AM EST 2026 ===
Method Not Allowed=== Complete: Wed Feb 18 12:00:01 AM EST 2026 ===
=== Content Engine Run: Wed Feb 18 01:00:02 AM EST 2026 ===
Method Not Allowed=== Complete: Wed Feb 18 01:00:02 AM EST 2026 ===
=== Content Engine Run: Wed Feb 18 02:00:01 AM EST 2026 ===
Method Not Allowed=== Complete: Wed Feb 18 02:00:01 AM EST 2026 ===
=== Content Engine Run: Wed Feb 18 03:00:01 AM EST 2026 ===
Method Not Allowed=== Complete: Wed Feb 18 03:00:01 AM EST 2026 ===
=== Content Engine Run: Wed Feb 18 04:00:01 AM EST 2026 ===
Method Not Allowed=== Complete: Wed Feb 18 04:00:01 AM EST 2026 ===
=== Content Engine Run: Wed Feb 18 05:00:01 AM EST 2026 ===
Method Not Allowed=== Complete: Wed Feb 18 05:00:01 AM EST 2026 ===
=== Content Engine Run: Wed Feb 18 06:00:01 AM EST 2026 ===
Method Not Allowed=== Complete: Wed Feb 18 06:00:01 AM EST 2026 ===
=== Content Engine Run: Wed Feb 18 07:00:01 AM EST 2026 ===
Method Not Allowed=== Complete: Wed Feb 18 07:00:02 AM EST 2026 ===
=== Content Engine Run: Wed Feb 18 08:00:01 AM EST 2026 ===
Method Not Allowed=== Complete: Wed Feb 18 08:00:01 AM EST 2026 ===
=== Content Engine Run: Wed Feb 18 09:00:01 AM EST 2026 ===
Method Not Allowed=== Complete: Wed Feb 18 09:00:01 AM EST 2026 ===
=== Content Engine Run: Wed Feb 18 10:00:01 AM EST 2026 ===
Method Not Allowed=== Complete: Wed Feb 18 10:00:01 AM EST 2026 ===
=== Content Engine Run: Wed Feb 18 11:00:01 AM EST 2026 ===
Method Not Allowed=== Complete: Wed Feb 18 11:00:01 AM EST 2026 ===
=== Content Engine Run: Wed Feb 18 12:00:01 PM EST 2026 ===
Method Not Allowed=== Complete: Wed Feb 18 12:00:02 PM EST 2026 ===
=== Content Engine Run: Wed Feb 18 01:00:01 PM EST 2026 ===
Method Not Allowed=== Complete: Wed Feb 18 01:00:01 PM EST 2026 ===
=== Content Engine Run: Wed Feb 18 02:00:01 PM EST 2026 ===
Method Not Allowed=== Complete: Wed Feb 18 02:00:01 PM EST 2026 ===
=== Content Engine Run: Wed Feb 18 03:00:01 PM EST 2026 ===
Method Not Allowed=== Complete: Wed Feb 18 03:00:01 PM EST 2026 ===
=== Content Engine Run: Wed Feb 18 04:00:01 PM EST 2026 ===
Method Not Allowed=== Complete: Wed Feb 18 04:00:01 PM EST 2026 ===
=== Content Engine Run: Wed Feb 18 05:00:01 PM EST 2026 ===
Method Not Allowed=== Complete: Wed Feb 18 05:00:01 PM EST 2026 ===
=== Content Engine Run: Wed Feb 18 06:00:01 PM EST 2026 ===
Method Not Allowed=== Complete: Wed Feb 18 06:00:01 PM EST 2026 ===
=== Content Engine Run: Wed Feb 18 07:00:01 PM EST 2026 ===
Method Not Allowed=== Complete: Wed Feb 18 07:00:01 PM EST 2026 ===
=== Content Engine Run: Wed Feb 18 08:00:01 PM EST 2026 ===
Method Not Allowed=== Complete: Wed Feb 18 08:00:01 PM EST 2026 ===
=== Content Engine Run: Wed Feb 18 09:00:01 PM EST 2026 ===
Method Not Allowed=== Complete: Wed Feb 18 09:00:01 PM EST 2026 ===
=== Content Engine Run: Wed Feb 18 10:00:01 PM EST 2026 ===
Method Not Allowed=== Complete: Wed Feb 18 10:00:01 PM EST 2026 ===
=== Content Engine Run: Wed Feb 18 11:00:01 PM EST 2026 ===
Method Not Allowed=== Complete: Wed Feb 18 11:00:01 PM EST 2026 ===
=== Content Engine Run: Thu Feb 19 12:00:01 AM EST 2026 ===
Method Not Allowed=== Complete: Thu Feb 19 12:00:01 AM EST 2026 ===
=== Content Engine Run: Thu Feb 19 01:00:01 AM EST 2026 ===
Method Not Allowed=== Complete: Thu Feb 19 01:00:01 AM EST 2026 ===
=== Content Engine Run: Thu Feb 19 02:00:01 AM EST 2026 ===
Method Not Allowed=== Complete: Thu Feb 19 02:00:01 AM EST 2026 ===
=== Content Engine Run: Thu Feb 19 03:00:01 AM EST 2026 ===
Method Not Allowed=== Complete: Thu Feb 19 03:00:01 AM EST 2026 ===
=== Content Engine Run: Thu Feb 19 04:00:01 AM EST 2026 ===
Method Not Allowed=== Complete: Thu Feb 19 04:00:01 AM EST 2026 ===
=== Content Engine Run: Thu Feb 19 05:00:01 AM EST 2026 ===
Method Not Allowed=== Complete: Thu Feb 19 05:00:01 AM EST 2026 ===
=== Content Engine Run: Thu Feb 19 06:00:01 AM EST 2026 ===
Method Not Allowed=== Complete: Thu Feb 19 06:00:01 AM EST 2026 ===
=== Content Engine Run: Thu Feb 19 07:00:01 AM EST 2026 ===
Method Not Allowed=== Complete: Thu Feb 19 07:00:01 AM EST 2026 ===
=== Content Engine Run: Thu Feb 19 08:00:01 AM EST 2026 ===
Method Not Allowed=== Complete: Thu Feb 19 08:00:01 AM EST 2026 ===
=== Content Engine Run: Thu Feb 19 09:00:01 AM EST 2026 ===
Method Not Allowed=== Complete: Thu Feb 19 09:00:01 AM EST 2026 ===
=== Content Engine Run: Thu Feb 19 10:00:02 AM EST 2026 ===
Method Not Allowed=== Complete: Thu Feb 19 10:00:02 AM EST 2026 ===
=== Content Engine Run: Thu Feb 19 11:00:01 AM EST 2026 ===
Method Not Allowed=== Complete: Thu Feb 19 11:00:01 AM EST 2026 ===
=== Content Engine Run: Thu Feb 19 12:00:01 PM EST 2026 ===
Method Not Allowed=== Complete: Thu Feb 19 12:00:01 PM EST 2026 ===
=== Content Engine Run: Thu Feb 19 01:00:02 PM EST 2026 ===
Method Not Allowed=== Complete: Thu Feb 19 01:00:02 PM EST 2026 ===
=== Content Engine Run: Thu Feb 19 02:00:01 PM EST 2026 ===
Method Not Allowed=== Complete: Thu Feb 19 02:00:01 PM EST 2026 ===
=== Content Engine Run: Thu Feb 19 03:00:01 PM EST 2026 ===
Method Not Allowed=== Complete: Thu Feb 19 03:00:01 PM EST 2026 ===
=== Content Engine Run: Thu Feb 19 04:00:01 PM EST 2026 ===
Method Not Allowed=== Complete: Thu Feb 19 04:00:01 PM EST 2026 ===
=== Content Engine Run: Thu Feb 19 05:00:01 PM EST 2026 ===
Method Not Allowed=== Complete: Thu Feb 19 05:00:01 PM EST 2026 ===
=== Content Engine Run: Thu Feb 19 06:00:01 PM EST 2026 ===
Method Not Allowed=== Complete: Thu Feb 19 06:00:01 PM EST 2026 ===
=== Content Engine Run: Thu Feb 19 07:00:01 PM EST 2026 ===
Method Not Allowed=== Complete: Thu Feb 19 07:00:01 PM EST 2026 ===
=== Content Engine Run: Thu Feb 19 08:00:01 PM EST 2026 ===
Method Not Allowed=== Complete: Thu Feb 19 08:00:01 PM EST 2026 ===
